app/build/intermediates/manifest_merge_blame_file/debug/manifest-merger-blame-debug-report.txt
1<?xml version="1.0" encoding="utf-8"?>
2<manifest xmlns:android="http://schemas.android.com/apk/res/android"
3    package="com.cookandroid.insam"
4    android:versionCode="1"
5    android:versionName="1.0" >
6
7    <uses-sdk
8        android:minSdkVersion="33"
9        android:targetSdkVersion="33" />
10
11    <uses-permission android:name="android.permission.INTERNET" />
11-->[com.google.firebase:firebase-auth:22.3.0] AndroidManifest.xml:25:5-67
11-->[com.google.firebase:firebase-auth:22.3.0] AndroidManifest.xml:25:22-64
12    <uses-permission android:name="android.permission.ACCESS_NETWORK_STATE" />
12-->[com.google.firebase:firebase-auth:22.3.0] AndroidManifest.xml:26:5-79
12-->[com.google.firebase:firebase-auth:22.3.0] AndroidManifest.xml:26:22-76
13
14    <permission
14-->[androidx.core:core:1.9.0] AndroidManifest.xml:22:5-24:47
15        android:name="com.cookandroid.insam.DYNAMIC_RECEIVER_NOT_EXPORTED_PERMISSION"
15-->[androidx.core:core:1.9.0] AndroidManifest.xml:23:9-81
16        android:protectionLevel="signature" />
16-->[androidx.core:core:1.9.0] AndroidManifest.xml:24:9-44
17
18    <uses-permission android:name="com.cookandroid.insam.DYNAMIC_RECEIVER_NOT_EXPORTED_PERMISSION" />
18-->[androidx.core:core:1.9.0] AndroidManifest.xml:26:5-97
18-->[androidx.core:core:1.9.0] AndroidManifest.xml:26:22-94
19
20    <application
20-->src/main/AndroidManifest.xml:5:5-74:19
21        android:allowBackup="true"
21-->src/main/AndroidManifest.xml:6:9-35
22        android:appComponentFactory="androidx.core.app.CoreComponentFactory"
22-->[androidx.core:core:1.9.0] AndroidManifest.xml:28:18-86
23        android:dataExtractionRules="@xml/data_extraction_rules"
23-->src/main/AndroidManifest.xml:7:9-65
24        android:debuggable="true"
25        android:extractNativeLibs="false"
26        android:fullBackupContent="@xml/backup_rules"
26-->src/main/AndroidManifest.xml:8:9-54
27        android:icon="@mipmap/ic_launcher"
27-->src/main/AndroidManifest.xml:9:9-43
28        android:label="@string/app_name"
28-->src/main/AndroidManifest.xml:10:9-41
29        android:roundIcon="@mipmap/ic_launcher_round"
29-->src/main/AndroidManifest.xml:11:9-54
30        android:supportsRtl="true"
30-->src/main/AndroidManifest.xml:12:9-35
31        android:testOnly="true"
32        android:theme="@style/Theme.Insam" >
32-->src/main/AndroidManifest.xml:13:9-43
33        <activity
33-->src/main/AndroidManifest.xml:15:9-23:20
34            android:name="com.cookandroid.insam.MainActivity"
34-->src/main/AndroidManifest.xml:16:13-41
35            android:exported="true" >
35-->src/main/AndroidManifest.xml:17:13-36
36            <intent-filter>
36-->src/main/AndroidManifest.xml:18:13-22:29
37                <action android:name="android.intent.action.MAIN" />
37-->src/main/AndroidManifest.xml:19:17-69
37-->src/main/AndroidManifest.xml:19:25-66
38
39                <category android:name="android.intent.category.LAUNCHER" />
39-->src/main/AndroidManifest.xml:21:17-77
39-->src/main/AndroidManifest.xml:21:27-74
40            </intent-filter>
41        </activity>
42
43        <!-- 세븐틴 -->
44        <activity android:name="com.cookandroid.insam.svt.SeventeenActivity" />
44-->src/main/AndroidManifest.xml:26:9-59
44-->src/main/AndroidManifest.xml:26:19-56
45        <!-- 세븐틴 노래 맞추기 -->
46        <activity android:name="com.cookandroid.insam.svt.SVT_Song_EasyActivity" />
46-->src/main/AndroidManifest.xml:28:9-63
46-->src/main/AndroidManifest.xml:28:19-60
47        <activity android:name="com.cookandroid.insam.svt.SVT_Song_NormalActivity" />
47-->src/main/AndroidManifest.xml:29:9-65
47-->src/main/AndroidManifest.xml:29:19-62
48        <activity android:name="com.cookandroid.insam.svt.SVT_Song_HardActivity" />
48-->src/main/AndroidManifest.xml:30:9-63
48-->src/main/AndroidManifest.xml:30:19-60
49        <activity android:name="com.cookandroid.insam.svt.SongGuessingActivity_svt" />
49-->src/main/AndroidManifest.xml:31:9-66
49-->src/main/AndroidManifest.xml:31:19-63
50
51        <!-- 세븐틴 신체 부위 맞추기 -->
52        <activity android:name="com.cookandroid.insam.svt.BodyActivity_svt" />
52-->src/main/AndroidManifest.xml:34:9-58
52-->src/main/AndroidManifest.xml:34:19-55
53        <activity android:name="com.cookandroid.insam.svt.SVT_Body_EasyActivity" />
53-->src/main/AndroidManifest.xml:35:9-63
53-->src/main/AndroidManifest.xml:35:19-60
54        <activity android:name="com.cookandroid.insam.svt.SVT_Body_NormalActivity" />
54-->src/main/AndroidManifest.xml:36:9-65
54-->src/main/AndroidManifest.xml:36:19-62
55        <activity android:name="com.cookandroid.insam.svt.SVT_Body_HardActivity" />
55-->src/main/AndroidManifest.xml:37:9-63
55-->src/main/AndroidManifest.xml:37:19-60
56
57        <!-- 세븐틴 유행어 맞추기 -->
58        <activity android:name="com.cookandroid.insam.svt.BuzActivity_svt" />
58-->src/main/AndroidManifest.xml:40:9-57
58-->src/main/AndroidManifest.xml:40:19-54
59        <activity android:name="com.cookandroid.insam.svt.SVT_Buz_EasyActivity" />
59-->src/main/AndroidManifest.xml:41:9-62
59-->src/main/AndroidManifest.xml:41:19-59
60        <activity android:name="com.cookandroid.insam.svt.SVT_Buz_NormalActivity" />
60-->src/main/AndroidManifest.xml:42:9-64
60-->src/main/AndroidManifest.xml:42:19-61
61        <activity android:name="com.cookandroid.insam.svt.SVT_Buz_HardActivity" />
61-->src/main/AndroidManifest.xml:43:9-62
61-->src/main/AndroidManifest.xml:43:19-59
62
63        <!-- nct_dream -->
64        <activity android:name="com.cookandroid.insam.nct_dream.NctDreamActivity" />
64-->src/main/AndroidManifest.xml:46:9-64
64-->src/main/AndroidManifest.xml:46:19-61
65
66        <!-- nct_dream 노래 맞추기 -->
67        <activity android:name="com.cookandroid.insam.nct_dream.SongGuessingActivity_dream" />
67-->src/main/AndroidManifest.xml:49:9-95
67-->src/main/AndroidManifest.xml:49:19-92
68        <activity android:name="com.cookandroid.insam.nct_dream.Dream_Song_EasyActivity" />
68-->src/main/AndroidManifest.xml:50:9-92
68-->src/main/AndroidManifest.xml:50:19-89
69        <activity android:name="com.cookandroid.insam.nct_dream.Dream_Song_NormalActivity" />
69-->src/main/AndroidManifest.xml:51:9-94
69-->src/main/AndroidManifest.xml:51:19-91
70        <activity android:name="com.cookandroid.insam.nct_dream.Dream_Song_HardActivity" />
70-->src/main/AndroidManifest.xml:52:9-92
70-->src/main/AndroidManifest.xml:52:19-89
71
72        <!-- nct_dream 신체 부위 맞추기 -->
73        <activity android:name="com.cookandroid.insam.nct_dream.BodyActivity_dream" />
73-->src/main/AndroidManifest.xml:55:9-87
73-->src/main/AndroidManifest.xml:55:19-84
74        <activity android:name="com.cookandroid.insam.nct_dream.Dream_Body_EasyActivity" />
74-->src/main/AndroidManifest.xml:56:9-92
74-->src/main/AndroidManifest.xml:56:19-89
75        <activity android:name="com.cookandroid.insam.nct_dream.Dream_Body_NormalActivity" />
75-->src/main/AndroidManifest.xml:57:9-94
75-->src/main/AndroidManifest.xml:57:19-91
76        <activity android:name="com.cookandroid.insam.nct_dream.Dream_Body_HardActivity" />
76-->src/main/AndroidManifest.xml:58:9-92
76-->src/main/AndroidManifest.xml:58:19-89
77
78        <!-- nct_dream 유행어 맞추기 -->
79        <activity android:name="com.cookandroid.insam.nct_dream.Dream_buz_EasyActivity" />
79-->src/main/AndroidManifest.xml:61:9-70
79-->src/main/AndroidManifest.xml:61:19-67
80        <activity android:name="com.cookandroid.insam.nct_dream.Dream_buz_NormalActivity" />
80-->src/main/AndroidManifest.xml:62:9-72
80-->src/main/AndroidManifest.xml:62:19-69
81        <activity android:name="com.cookandroid.insam.nct_dream.Dream_buz_HardActivity" />
81-->src/main/AndroidManifest.xml:63:9-70
81-->src/main/AndroidManifest.xml:63:19-67
82        <activity android:name="com.cookandroid.insam.nct_dream.BuzActivity_dream" />
82-->src/main/AndroidManifest.xml:64:9-65
82-->src/main/AndroidManifest.xml:64:19-62
83
84        <!-- 기본 -->
85        <activity android:name="com.cookandroid.insam.LoginActivity" />
85-->src/main/AndroidManifest.xml:67:9-71
85-->src/main/AndroidManifest.xml:67:19-69
86        <activity android:name="com.cookandroid.insam.RegisterActivity" />
86-->src/main/AndroidManifest.xml:68:9-74
86-->src/main/AndroidManifest.xml:68:19-72
87        <activity android:name="com.cookandroid.insam.SelectActivity" />
87-->src/main/AndroidManifest.xml:69:9-72
87-->src/main/AndroidManifest.xml:69:19-70
88        <activity android:name="com.cookandroid.insam.BadgeActivity" />
88-->src/main/AndroidManifest.xml:70:9-71
88-->src/main/AndroidManifest.xml:70:19-69
89        <activity
89-->[com.google.firebase:firebase-auth:22.3.0] AndroidManifest.xml:29:9-46:20
90            android:name="com.google.firebase.auth.internal.GenericIdpActivity"
90-->[com.google.firebase:firebase-auth:22.3.0] AndroidManifest.xml:30:13-80
91            android:excludeFromRecents="true"
91-->[com.google.firebase:firebase-auth:22.3.0] AndroidManifest.xml:31:13-46
92            android:exported="true"
92-->[com.google.firebase:firebase-auth:22.3.0] AndroidManifest.xml:32:13-36
93            android:launchMode="singleTask"
93-->[com.google.firebase:firebase-auth:22.3.0] AndroidManifest.xml:33:13-44
94            android:theme="@android:style/Theme.Translucent.NoTitleBar" >
94-->[com.google.firebase:firebase-auth:22.3.0] AndroidManifest.xml:34:13-72
95            <intent-filter>
95-->[com.google.firebase:firebase-auth:22.3.0] AndroidManifest.xml:35:13-45:29
96                <action android:name="android.intent.action.VIEW" />
96-->[com.google.firebase:firebase-auth:22.3.0] AndroidManifest.xml:36:17-69
96-->[com.google.firebase:firebase-auth:22.3.0] AndroidManifest.xml:36:25-66
97
98                <category android:name="android.intent.category.DEFAULT" />
98-->[com.google.firebase:firebase-auth:22.3.0] AndroidManifest.xml:38:17-76
98-->[com.google.firebase:firebase-auth:22.3.0] AndroidManifest.xml:38:27-73
99                <category android:name="android.intent.category.BROWSABLE" />
99-->[com.google.firebase:firebase-auth:22.3.0] AndroidManifest.xml:39:17-78
99-->[com.google.firebase:firebase-auth:22.3.0] AndroidManifest.xml:39:27-75
100
101                <data
101-->[com.google.firebase:firebase-auth:22.3.0] AndroidManifest.xml:41:17-44:51
102                    android:host="firebase.auth"
102-->[com.google.firebase:firebase-auth:22.3.0] AndroidManifest.xml:42:21-49
103                    android:path="/"
103-->[com.google.firebase:firebase-auth:22.3.0] AndroidManifest.xml:43:21-37
104                    android:scheme="genericidp" />
104-->[com.google.firebase:firebase-auth:22.3.0] AndroidManifest.xml:44:21-48
105            </intent-filter>
106        </activity>
107        <activity
107-->[com.google.firebase:firebase-auth:22.3.0] AndroidManifest.xml:47:9-64:20
108            android:name="com.google.firebase.auth.internal.RecaptchaActivity"
108-->[com.google.firebase:firebase-auth:22.3.0] AndroidManifest.xml:48:13-79
109            android:excludeFromRecents="true"
109-->[com.google.firebase:firebase-auth:22.3.0] AndroidManifest.xml:49:13-46
110            android:exported="true"
110-->[com.google.firebase:firebase-auth:22.3.0] AndroidManifest.xml:50:13-36
111            android:launchMode="singleTask"
111-->[com.google.firebase:firebase-auth:22.3.0] AndroidManifest.xml:51:13-44
112            android:theme="@android:style/Theme.Translucent.NoTitleBar" >
112-->[com.google.firebase:firebase-auth:22.3.0] AndroidManifest.xml:52:13-72
113            <intent-filter>
113-->[com.google.firebase:firebase-auth:22.3.0] AndroidManifest.xml:53:13-63:29
114                <action android:name="android.intent.action.VIEW" />
114-->[com.google.firebase:firebase-auth:22.3.0] AndroidManifest.xml:36:17-69
114-->[com.google.firebase:firebase-auth:22.3.0] AndroidManifest.xml:36:25-66
115
116                <category android:name="android.intent.category.DEFAULT" />
116-->[com.google.firebase:firebase-auth:22.3.0] AndroidManifest.xml:38:17-76
116-->[com.google.firebase:firebase-auth:22.3.0] AndroidManifest.xml:38:27-73
117                <category android:name="android.intent.category.BROWSABLE" />
117-->[com.google.firebase:firebase-auth:22.3.0] AndroidManifest.xml:39:17-78
117-->[com.google.firebase:firebase-auth:22.3.0] AndroidManifest.xml:39:27-75
118
119                <data
119-->[com.google.firebase:firebase-auth:22.3.0] AndroidManifest.xml:41:17-44:51
120                    android:host="firebase.auth"
120-->[com.google.firebase:firebase-auth:22.3.0] AndroidManifest.xml:42:21-49
121                    android:path="/"
121-->[com.google.firebase:firebase-auth:22.3.0] AndroidManifest.xml:43:21-37
122                    android:scheme="recaptcha" />
122-->[com.google.firebase:firebase-auth:22.3.0] AndroidManifest.xml:44:21-48
123            </intent-filter>
124        </activity>
125
126        <service
126-->[com.google.firebase:firebase-auth:22.3.0] AndroidManifest.xml:66:9-72:19
127            android:name="com.google.firebase.components.ComponentDiscoveryService"
127-->[com.google.firebase:firebase-auth:22.3.0] AndroidManifest.xml:67:13-84
128            android:directBootAware="true"
128-->[com.google.firebase:firebase-common:20.4.2] AndroidManifest.xml:32:13-43
129            android:exported="false" >
129-->[com.google.firebase:firebase-auth:22.3.0] AndroidManifest.xml:68:13-37
130            <meta-data
130-->[com.google.firebase:firebase-auth:22.3.0] AndroidManifest.xml:69:13-71:85
131                android:name="com.google.firebase.components:com.google.firebase.auth.FirebaseAuthRegistrar"
131-->[com.google.firebase:firebase-auth:22.3.0] AndroidManifest.xml:70:17-109
132                android:value="com.google.firebase.components.ComponentRegistrar" />
132-->[com.google.firebase:firebase-auth:22.3.0] AndroidManifest.xml:71:17-82
133            <meta-data
133-->[com.google.firebase:firebase-database:20.3.0] AndroidManifest.xml:29:13-31:85
134                android:name="com.google.firebase.components:com.google.firebase.database.FirebaseDatabaseKtxRegistrar"
134-->[com.google.firebase:firebase-database:20.3.0] AndroidManifest.xml:30:17-120
135                android:value="com.google.firebase.components.ComponentRegistrar" />
135-->[com.google.firebase:firebase-database:20.3.0] AndroidManifest.xml:31:17-82
136            <meta-data
136-->[com.google.firebase:firebase-database:20.3.0] AndroidManifest.xml:32:13-34:85
137                android:name="com.google.firebase.components:com.google.firebase.database.DatabaseRegistrar"
137-->[com.google.firebase:firebase-database:20.3.0] AndroidManifest.xml:33:17-109
138                android:value="com.google.firebase.components.ComponentRegistrar" />
138-->[com.google.firebase:firebase-database:20.3.0] AndroidManifest.xml:34:17-82
139            <meta-data
139-->[com.google.firebase:firebase-common-ktx:20.4.2] AndroidManifest.xml:12:13-14:85
140                android:name="com.google.firebase.components:com.google.firebase.ktx.FirebaseCommonLegacyRegistrar"
140-->[com.google.firebase:firebase-common-ktx:20.4.2] AndroidManifest.xml:13:17-116
141                android:value="com.google.firebase.components.ComponentRegistrar" />
141-->[com.google.firebase:firebase-common-ktx:20.4.2] AndroidManifest.xml:14:17-82
142            <meta-data
142-->[com.google.firebase:firebase-common:20.4.2] AndroidManifest.xml:35:13-37:85
143                android:name="com.google.firebase.components:com.google.firebase.FirebaseCommonKtxRegistrar"
143-->[com.google.firebase:firebase-common:20.4.2] AndroidManifest.xml:36:17-109
144                android:value="com.google.firebase.components.ComponentRegistrar" />
144-->[com.google.firebase:firebase-common:20.4.2] AndroidManifest.xml:37:17-82
145        </service>
146
147        <provider
147-->[com.google.firebase:firebase-common:20.4.2] AndroidManifest.xml:23:9-28:39
148            android:name="com.google.firebase.provider.FirebaseInitProvider"
148-->[com.google.firebase:firebase-common:20.4.2] AndroidManifest.xml:24:13-77
149            android:authorities="com.cookandroid.insam.firebaseinitprovider"
149-->[com.google.firebase:firebase-common:20.4.2] AndroidManifest.xml:25:13-72
150            android:directBootAware="true"
150-->[com.google.firebase:firebase-common:20.4.2] AndroidManifest.xml:26:13-43
151            android:exported="false"
151-->[com.google.firebase:firebase-common:20.4.2] AndroidManifest.xml:27:13-37
152            android:initOrder="100" />
152-->[com.google.firebase:firebase-common:20.4.2] AndroidManifest.xml:28:13-36
153
154        <activity
154-->[com.google.android.gms:play-services-base:18.1.0] AndroidManifest.xml:20:9-22:45
155            android:name="com.google.android.gms.common.api.GoogleApiActivity"
155-->[com.google.android.gms:play-services-base:18.1.0] AndroidManifest.xml:20:19-85
156            android:exported="false"
156-->[com.google.android.gms:play-services-base:18.1.0] AndroidManifest.xml:22:19-43
157            android:theme="@android:style/Theme.Translucent.NoTitleBar" />
157-->[com.google.android.gms:play-services-base:18.1.0] AndroidManifest.xml:21:19-78
158
159        <provider
159-->[androidx.emoji2:emoji2:1.2.0] AndroidManifest.xml:24:9-32:20
160            android:name="androidx.startup.InitializationProvider"
160-->[androidx.emoji2:emoji2:1.2.0] AndroidManifest.xml:25:13-67
161            android:authorities="com.cookandroid.insam.androidx-startup"
161-->[androidx.emoji2:emoji2:1.2.0] AndroidManifest.xml:26:13-68
162            android:exported="false" >
162-->[androidx.emoji2:emoji2:1.2.0] AndroidManifest.xml:27:13-37
163            <meta-data
163-->[androidx.emoji2:emoji2:1.2.0] AndroidManifest.xml:29:13-31:52
164                android:name="androidx.emoji2.text.EmojiCompatInitializer"
164-->[androidx.emoji2:emoji2:1.2.0] AndroidManifest.xml:30:17-75
165                android:value="androidx.startup" />
165-->[androidx.emoji2:emoji2:1.2.0] AndroidManifest.xml:31:17-49
166            <meta-data
166-->[androidx.lifecycle:lifecycle-process:2.6.1] AndroidManifest.xml:29:13-31:52
167                android:name="androidx.lifecycle.ProcessLifecycleInitializer"
167-->[androidx.lifecycle:lifecycle-process:2.6.1] AndroidManifest.xml:30:17-78
168                android:value="androidx.startup" />
168-->[androidx.lifecycle:lifecycle-process:2.6.1] AndroidManifest.xml:31:17-49
169            <meta-data
169-->[androidx.profileinstaller:profileinstaller:1.3.0] AndroidManifest.xml:29:13-31:52
170                android:name="androidx.profileinstaller.ProfileInstallerInitializer"
170-->[androidx.profileinstaller:profileinstaller:1.3.0] AndroidManifest.xml:30:17-85
171                android:value="androidx.startup" />
171-->[androidx.profileinstaller:profileinstaller:1.3.0] AndroidManifest.xml:31:17-49
172        </provider>
173
174        <meta-data
174-->[com.google.android.gms:play-services-basement:18.1.0] AndroidManifest.xml:21:9-23:69
175            android:name="com.google.android.gms.version"
175-->[com.google.android.gms:play-services-basement:18.1.0] AndroidManifest.xml:22:13-58
176            android:value="@integer/google_play_services_version" />
176-->[com.google.android.gms:play-services-basement:18.1.0] AndroidManifest.xml:23:13-66
177
178        <receiver
178-->[androidx.profileinstaller:profileinstaller:1.3.0] AndroidManifest.xml:34:9-52:20
179            android:name="androidx.profileinstaller.ProfileInstallReceiver"
179-->[androidx.profileinstaller:profileinstaller:1.3.0] AndroidManifest.xml:35:13-76
180            android:directBootAware="false"
180-->[androidx.profileinstaller:profileinstaller:1.3.0] AndroidManifest.xml:36:13-44
181            android:enabled="true"
181-->[androidx.profileinstaller:profileinstaller:1.3.0] AndroidManifest.xml:37:13-35
182            android:exported="true"
182-->[androidx.profileinstaller:profileinstaller:1.3.0] AndroidManifest.xml:38:13-36
183            android:permission="android.permission.DUMP" >
183-->[androidx.profileinstaller:profileinstaller:1.3.0] AndroidManifest.xml:39:13-57
184            <intent-filter>
184-->[androidx.profileinstaller:profileinstaller:1.3.0] AndroidManifest.xml:40:13-42:29
185                <action android:name="androidx.profileinstaller.action.INSTALL_PROFILE" />
185-->[androidx.profileinstaller:profileinstaller:1.3.0] AndroidManifest.xml:41:17-91
185-->[androidx.profileinstaller:profileinstaller:1.3.0] AndroidManifest.xml:41:25-88
186            </intent-filter>
187            <intent-filter>
187-->[androidx.profileinstaller:profileinstaller:1.3.0] AndroidManifest.xml:43:13-45:29
188                <action android:name="androidx.profileinstaller.action.SKIP_FILE" />
188-->[androidx.profileinstaller:profileinstaller:1.3.0] AndroidManifest.xml:44:17-85
188-->[androidx.profileinstaller:profileinstaller:1.3.0] AndroidManifest.xml:44:25-82
189            </intent-filter>
190            <intent-filter>
190-->[androidx.profileinstaller:profileinstaller:1.3.0] AndroidManifest.xml:46:13-48:29
191                <action android:name="androidx.profileinstaller.action.SAVE_PROFILE" />
191-->[androidx.profileinstaller:profileinstaller:1.3.0] AndroidManifest.xml:47:17-88
191-->[androidx.profileinstaller:profileinstaller:1.3.0] AndroidManifest.xml:47:25-85
192            </intent-filter>
193            <intent-filter>
193-->[androidx.profileinstaller:profileinstaller:1.3.0] AndroidManifest.xml:49:13-51:29
194                <action android:name="androidx.profileinstaller.action.BENCHMARK_OPERATION" />
194-->[androidx.profileinstaller:profileinstaller:1.3.0] AndroidManifest.xml:50:17-95
194-->[androidx.profileinstaller:profileinstaller:1.3.0] AndroidManifest.xml:50:25-92
195            </intent-filter>
196        </receiver>
197    </application>
198
199</manifest>